<?xml version="1.0" encoding="UTF-8"?>
<testsuite xmlns:xsi="http://www.w3.org/2001/XMLSchema-instance" xsi:noNamespaceSchemaLocation="https://maven.apache.org/surefire/maven-surefire-plugin/xsd/surefire-test-report-3.0.xsd" version="3.0" name="com.indus.training.persist.dao.TestStudentDaoImpl" time="1.581" tests="5" errors="0" skipped="0" failures="0">
  <properties>
    <property name="sun.desktop" value="windows"/>
    <property name="awt.toolkit" value="sun.awt.windows.WToolkit"/>
    <property name="file.encoding.pkg" value="sun.io"/>
    <property name="java.specification.version" value="1.8"/>
    <property name="sun.cpu.isalist" value="amd64"/>
    <property name="sun.jnu.encoding" value="Cp1252"/>
    <property name="java.class.path" value="C:\IndusProjects\Persistence\IndusStudentJPA\target\test-classes;C:\IndusProjects\Persistence\IndusStudentJPA\target\classes;C:\Users\Navya Bade\.m2\repository\junit\junit\4.13.2\junit-4.13.2.jar;C:\Users\Navya Bade\.m2\repository\org\hamcrest\hamcrest-core\1.3\hamcrest-core-1.3.jar;C:\Users\Navya Bade\.m2\repository\org\hibernate\hibernate-core\5.3.7.Final\hibernate-core-5.3.7.Final.jar;C:\Users\Navya Bade\.m2\repository\org\jboss\logging\jboss-logging\3.3.2.Final\jboss-logging-3.3.2.Final.jar;C:\Users\Navya Bade\.m2\repository\javax\persistence\javax.persistence-api\2.2\javax.persistence-api-2.2.jar;C:\Users\Navya Bade\.m2\repository\org\javassist\javassist\3.23.1-GA\javassist-3.23.1-GA.jar;C:\Users\Navya Bade\.m2\repository\net\bytebuddy\byte-buddy\1.8.17\byte-buddy-1.8.17.jar;C:\Users\Navya Bade\.m2\repository\antlr\antlr\2.7.7\antlr-2.7.7.jar;C:\Users\Navya Bade\.m2\repository\org\jboss\spec\javax\transaction\jboss-transaction-api_1.2_spec\1.1.1.Final\jboss-transaction-api_1.2_spec-1.1.1.Final.jar;C:\Users\Navya Bade\.m2\repository\org\jboss\jandex\2.0.5.Final\jandex-2.0.5.Final.jar;C:\Users\Navya Bade\.m2\repository\com\fasterxml\classmate\1.3.4\classmate-1.3.4.jar;C:\Users\Navya Bade\.m2\repository\javax\activation\javax.activation-api\1.2.0\javax.activation-api-1.2.0.jar;C:\Users\Navya Bade\.m2\repository\org\dom4j\dom4j\2.1.1\dom4j-2.1.1.jar;C:\Users\Navya Bade\.m2\repository\org\hibernate\common\hibernate-commons-annotations\5.0.4.Final\hibernate-commons-annotations-5.0.4.Final.jar;C:\Users\Navya Bade\.m2\repository\mysql\mysql-connector-java\8.0.29\mysql-connector-java-8.0.29.jar;C:\Users\Navya Bade\.m2\repository\com\google\protobuf\protobuf-java\3.19.4\protobuf-java-3.19.4.jar;"/>
    <property name="java.vm.vendor" value="Oracle Corporation"/>
    <property name="sun.arch.data.model" value="64"/>
    <property name="user.variant" value=""/>
    <property name="java.vendor.url" value="http://java.oracle.com/"/>
    <property name="user.timezone" value="America/New_York"/>
    <property name="java.vm.specification.version" value="1.8"/>
    <property name="os.name" value="Windows 10"/>
    <property name="user.country" value="IN"/>
    <property name="sun.java.launcher" value="SUN_STANDARD"/>
    <property name="sun.boot.library.path" value="C:\Java\jdk1.8.0_202\jre\bin"/>
    <property name="sun.java.command" value="C:\Users\Navya Bade\AppData\Local\Temp\surefire915635755693735662\surefirebooter-20240908103327383_3.jar C:\Users\Navya Bade\AppData\Local\Temp\surefire915635755693735662 2024-09-08T10-33-27_055-jvmRun1 surefire-20240908103327383_1tmp surefire_0-20240908103327383_2tmp"/>
    <property name="surefire.test.class.path" value="C:\IndusProjects\Persistence\IndusStudentJPA\target\test-classes;C:\IndusProjects\Persistence\IndusStudentJPA\target\classes;C:\Users\Navya Bade\.m2\repository\junit\junit\4.13.2\junit-4.13.2.jar;C:\Users\Navya Bade\.m2\repository\org\hamcrest\hamcrest-core\1.3\hamcrest-core-1.3.jar;C:\Users\Navya Bade\.m2\repository\org\hibernate\hibernate-core\5.3.7.Final\hibernate-core-5.3.7.Final.jar;C:\Users\Navya Bade\.m2\repository\org\jboss\logging\jboss-logging\3.3.2.Final\jboss-logging-3.3.2.Final.jar;C:\Users\Navya Bade\.m2\repository\javax\persistence\javax.persistence-api\2.2\javax.persistence-api-2.2.jar;C:\Users\Navya Bade\.m2\repository\org\javassist\javassist\3.23.1-GA\javassist-3.23.1-GA.jar;C:\Users\Navya Bade\.m2\repository\net\bytebuddy\byte-buddy\1.8.17\byte-buddy-1.8.17.jar;C:\Users\Navya Bade\.m2\repository\antlr\antlr\2.7.7\antlr-2.7.7.jar;C:\Users\Navya Bade\.m2\repository\org\jboss\spec\javax\transaction\jboss-transaction-api_1.2_spec\1.1.1.Final\jboss-transaction-api_1.2_spec-1.1.1.Final.jar;C:\Users\Navya Bade\.m2\repository\org\jboss\jandex\2.0.5.Final\jandex-2.0.5.Final.jar;C:\Users\Navya Bade\.m2\repository\com\fasterxml\classmate\1.3.4\classmate-1.3.4.jar;C:\Users\Navya Bade\.m2\repository\javax\activation\javax.activation-api\1.2.0\javax.activation-api-1.2.0.jar;C:\Users\Navya Bade\.m2\repository\org\dom4j\dom4j\2.1.1\dom4j-2.1.1.jar;C:\Users\Navya Bade\.m2\repository\org\hibernate\common\hibernate-commons-annotations\5.0.4.Final\hibernate-commons-annotations-5.0.4.Final.jar;C:\Users\Navya Bade\.m2\repository\mysql\mysql-connector-java\8.0.29\mysql-connector-java-8.0.29.jar;C:\Users\Navya Bade\.m2\repository\com\google\protobuf\protobuf-java\3.19.4\protobuf-java-3.19.4.jar;"/>
    <property name="sun.cpu.endian" value="little"/>
    <property name="user.home" value="C:\Users\Navya Bade"/>
    <property name="user.language" value="en"/>
    <property name="java.specification.vendor" value="Oracle Corporation"/>
    <property name="java.home" value="C:\Java\jdk1.8.0_202\jre"/>
    <property name="basedir" value="C:\IndusProjects\Persistence\IndusStudentJPA"/>
    <property name="style.color" value="always"/>
    <property name="file.separator" value="\"/>
    <property name="line.separator" value="&#10;"/>
    <property name="java.vm.specification.vendor" value="Oracle Corporation"/>
    <property name="java.specification.name" value="Java Platform API Specification"/>
    <property name="java.awt.graphicsenv" value="sun.awt.Win32GraphicsEnvironment"/>
    <property name="surefire.real.class.path" value="C:\Users\Navya Bade\AppData\Local\Temp\surefire915635755693735662\surefirebooter-20240908103327383_3.jar"/>
    <property name="sun.boot.class.path" value="C:\Java\jdk1.8.0_202\jre\lib\resources.jar;C:\Java\jdk1.8.0_202\jre\lib\rt.jar;C:\Java\jdk1.8.0_202\jre\lib\sunrsasign.jar;C:\Java\jdk1.8.0_202\jre\lib\jsse.jar;C:\Java\jdk1.8.0_202\jre\lib\jce.jar;C:\Java\jdk1.8.0_202\jre\lib\charsets.jar;C:\Java\jdk1.8.0_202\jre\lib\jfr.jar;C:\Java\jdk1.8.0_202\jre\classes"/>
    <property name="user.script" value=""/>
    <property name="sun.management.compiler" value="HotSpot 64-Bit Tiered Compilers"/>
    <property name="java.runtime.version" value="1.8.0_202-b08"/>
    <property name="user.name" value="Navya Bade"/>
    <property name="path.separator" value=";"/>
    <property name="os.version" value="10.0"/>
    <property name="java.endorsed.dirs" value="C:\Java\jdk1.8.0_202\jre\lib\endorsed"/>
    <property name="java.runtime.name" value="Java(TM) SE Runtime Environment"/>
    <property name="file.encoding" value="Cp1252"/>
    <property name="java.vm.name" value="Java HotSpot(TM) 64-Bit Server VM"/>
    <property name="localRepository" value="C:\Users\Navya Bade\.m2\repository"/>
    <property name="java.vendor.url.bug" value="http://bugreport.sun.com/bugreport/"/>
    <property name="java.io.tmpdir" value="C:\Users\NAVYAB~1\AppData\Local\Temp\"/>
    <property name="java.version" value="1.8.0_202"/>
    <property name="user.dir" value="C:\IndusProjects\Persistence\IndusStudentJPA"/>
    <property name="os.arch" value="amd64"/>
    <property name="java.vm.specification.name" value="Java Virtual Machine Specification"/>
    <property name="java.awt.printerjob" value="sun.awt.windows.WPrinterJob"/>
    <property name="sun.os.patch.level" value=""/>
    <property name="java.library.path" value="C:\Java\jdk1.8.0_202\jre\bin;C:\Windows\Sun\Java\bin;C:\Windows\system32;C:\Windows;C:/Indus/Software/sts-4.23.1.RELEASE//plugins/org.eclipse.justj.openjdk.hotspot.jre.full.win32.x86_64_21.0.3.v20240426-1530/jre/bin/server;C:/Indus/Software/sts-4.23.1.RELEASE//plugins/org.eclipse.justj.openjdk.hotspot.jre.full.win32.x86_64_21.0.3.v20240426-1530/jre/bin;C:\Program Files\Common Files\Oracle\Java\javapath;C:\Program Files (x86)\Common Files\Oracle\Java\javapath;C:\Windows\system32;C:\Windows;C:\Windows\System32\Wbem;C:\Windows\System32\WindowsPowerShell\v1.0\;C:\Windows\System32\OpenSSH\;C:\Program Files (x86)\GitExtensions\;C:\Program Files\Git\cmd;C:\Program Files\dotnet\;C:\Program Files (x86)\Pulse Secure\VC142.CRT\X64\;C:\Program Files (x86)\Pulse Secure\VC142.CRT\X86\;C:\Program Files\nodejs\;C:\Program Files\apache-maven-3.9.6\bin;C:\hadoop\sbin;C:\Java\jdk1.8.0_202\bin;C:\hadoop\bin;C:\Program Files\Amazon\AWSCLIV2\;C:\Program Files\Java\jdk-17\bin\bin;C:\Users\Navya Bade\AppData\Local\Programs\Python\Python311\Scripts\;C:\Users\Navya Bade\AppData\Local\Programs\Python\Python311\;C:\Users\Navya Bade\AppData\Local\Microsoft\WindowsApps;C:\Users\Navya Bade\AppData\Local\Programs\Microsoft VS Code\bin;C:\Users\Navya Bade\AppData\Roaming\npm;C:\Indus\Software\sts-4.23.1.RELEASE;;."/>
    <property name="java.vm.info" value="mixed mode"/>
    <property name="java.vendor" value="Oracle Corporation"/>
    <property name="java.vm.version" value="25.202-b08"/>
    <property name="java.ext.dirs" value="C:\Java\jdk1.8.0_202\jre\lib\ext;C:\Windows\Sun\Java\lib\ext"/>
    <property name="sun.io.unicode.encoding" value="UnicodeLittle"/>
    <property name="java.class.version" value="52.0"/>
  </properties>
  <testcase name="testUpdateStudentLastName" classname="com.indus.training.persist.dao.TestStudentDaoImpl" time="1.515">
    <system-out><![CDATA[false
]]></system-out>
    <system-err><![CDATA[Sep 08, 2024 10:33:28 AM org.hibernate.jpa.internal.util.LogHelper logPersistenceUnitInformation
INFO: HHH000204: Processing PersistenceUnitInfo [
	name: myPersistenceUnit
	...]
Sep 08, 2024 10:33:28 AM org.hibernate.Version logVersion
INFO: HHH000412: Hibernate Core {5.3.7.Final}
Sep 08, 2024 10:33:28 AM org.hibernate.cfg.Environment <clinit>
INFO: HHH000206: hibernate.properties not found
Sep 08, 2024 10:33:28 AM org.hibernate.annotations.common.reflection.java.JavaReflectionManager <clinit>
INFO: HCANN000001: Hibernate Commons Annotations {5.0.4.Final}
Sep 08, 2024 10:33:28 AM org.hibernate.engine.jdbc.connections.internal.DriverManagerConnectionProviderImpl configure
WARN: HHH10001002: Using Hibernate built-in connection pool (not for production use!)
Sep 08, 2024 10:33:28 AM org.hibernate.engine.jdbc.connections.internal.DriverManagerConnectionProviderImpl buildCreator
INFO: HHH10001005: using driver [com.mysql.cj.jdbc.Driver] at URL [jdbc:mysql://localhost:3306/studentjpadb]
Sep 08, 2024 10:33:28 AM org.hibernate.engine.jdbc.connections.internal.DriverManagerConnectionProviderImpl buildCreator
INFO: HHH10001001: Connection properties: {user=root, password=****}
Sep 08, 2024 10:33:28 AM org.hibernate.engine.jdbc.connections.internal.DriverManagerConnectionProviderImpl buildCreator
INFO: HHH10001003: Autocommit mode: false
Sep 08, 2024 10:33:28 AM org.hibernate.engine.jdbc.connections.internal.DriverManagerConnectionProviderImpl$PooledConnections <init>
INFO: HHH000115: Hibernate connection pool size: 20 (min=1)
Sep 08, 2024 10:33:29 AM org.hibernate.dialect.Dialect <init>
INFO: HHH000400: Using dialect: org.hibernate.dialect.MySQL8Dialect
]]></system-err>
  </testcase>
  <testcase name="testUpdateStudentFirstName" classname="com.indus.training.persist.dao.TestStudentDaoImpl" time="0.001">
    <system-out><![CDATA[false
]]></system-out>
  </testcase>
  <testcase name="testInsertStudent" classname="com.indus.training.persist.dao.TestStudentDaoImpl" time="0.014">
    <system-out><![CDATA[IN Student insert
true
]]></system-out>
  </testcase>
  <testcase name="testDeleteStudent" classname="com.indus.training.persist.dao.TestStudentDaoImpl" time="0.017">
    <system-out><![CDATA[true]]></system-out>
  </testcase>
  <testcase name="testFetchStudent" classname="com.indus.training.persist.dao.TestStudentDaoImpl" time="0.002">
    <system-out><![CDATA[java.lang.NullPointerException]]></system-out>
  </testcase>
</testsuite>